This is pdfTeX, Version 3.1415926-1.40.10 (TeX Live 2009/Debian) (format=pdflatex 2014.11.19)  22 AUG 2015 00:50
entering extended mode
 %&-line parsing enabled.
**"AXXB Review.tex"
(./AXXB Review.tex
LaTeX2e <2009/09/24>
Babel <v3.8l> and hyphenation patterns for english, usenglishmax, dumylang, noh
yphenation, farsi, arabic, croatian, bulgarian, ukrainian, russian, czech, slov
ak, danish, dutch, finnish, french, basque, ngerman, german, german-x-2009-06-1
9, ngerman-x-2009-06-19, ibycus, monogreek, greek, ancientgreek, hungarian, san
skrit, italian, latin, latvian, lithuanian, mongolian2a, mongolian, bokmal, nyn
orsk, romanian, irish, coptic, serbian, turkish, welsh, esperanto, uppersorbian
, estonian, indonesian, interlingua, icelandic, kurmanji, slovenian, polish, po
rtuguese, spanish, galician, catalan, swedish, ukenglish, pinyin, loaded.
(./asme2ej.cls

LaTeX Warning: You have requested document class `asme2ej',
               but the document class provides `asme2e'.

Document Class: asme2e 2001/2/14 v2.0 Standard LaTeX document class
(/usr/share/texmf-texlive/tex/latex/base/ifthen.sty
Package: ifthen 2001/05/26 v1.1c Standard LaTeX ifthen package (DPC)
)
(/usr/share/texmf-texlive/tex/latex/psnfss/times.sty
Package: times 2005/04/12 PSNFSS-v9.2a (SPQR) 
)
(/usr/share/texmf-texlive/tex/latex/psnfss/mathptm.sty
Package: mathptm 2005/04/12 PSNFSS-v9.2a Times w/ Math (SPQR, WaS) 


Package mathptm Warning: This package is to be regarded as obsolete.
(mathptm)                See the PSNFSS documentation.

LaTeX Font Info:    Redeclaring symbol font `operators' on input line 31.
LaTeX Font Info:    Overwriting symbol font `operators' in version `normal'
(Font)                  OT1/cmr/m/n --> OT1/ptmcm/m/n on input line 31.
LaTeX Font Info:    Overwriting symbol font `operators' in version `bold'
(Font)                  OT1/cmr/bx/n --> OT1/ptmcm/m/n on input line 31.
LaTeX Font Info:    Redeclaring symbol font `letters' on input line 32.
LaTeX Font Info:    Overwriting symbol font `letters' in version `normal'
(Font)                  OML/cmm/m/it --> OML/ptmcm/m/it on input line 32.
LaTeX Font Info:    Overwriting symbol font `letters' in version `bold'
(Font)                  OML/cmm/b/it --> OML/ptmcm/m/it on input line 32.
LaTeX Font Info:    Redeclaring symbol font `symbols' on input line 33.
LaTeX Font Info:    Overwriting symbol font `symbols' in version `normal'
(Font)                  OMS/cmsy/m/n --> OMS/pzccm/m/n on input line 33.
LaTeX Font Info:    Overwriting symbol font `symbols' in version `bold'
(Font)                  OMS/cmsy/b/n --> OMS/pzccm/m/n on input line 33.
LaTeX Font Info:    Redeclaring symbol font `largesymbols' on input line 34.
LaTeX Font Info:    Overwriting symbol font `largesymbols' in version `normal'
(Font)                  OMX/cmex/m/n --> OMX/psycm/m/n on input line 34.
LaTeX Font Info:    Overwriting symbol font `largesymbols' in version `bold'
(Font)                  OMX/cmex/m/n --> OMX/psycm/m/n on input line 34.
\symbold=\mathgroup4
\symitalic=\mathgroup5
LaTeX Font Info:    Redeclaring math alphabet \mathbf on input line 37.
LaTeX Font Info:    Overwriting math alphabet `\mathbf' in version `normal'
(Font)                  OT1/cmr/bx/n --> OT1/ptm/bx/n on input line 37.
LaTeX Font Info:    Overwriting math alphabet `\mathbf' in version `bold'
(Font)                  OT1/cmr/bx/n --> OT1/ptm/bx/n on input line 37.
LaTeX Font Info:    Redeclaring math alphabet \mathit on input line 38.
LaTeX Font Info:    Overwriting math alphabet `\mathit' in version `normal'
(Font)                  OT1/cmr/m/it --> OT1/ptm/m/it on input line 38.
LaTeX Font Info:    Overwriting math alphabet `\mathit' in version `bold'
(Font)                  OT1/cmr/bx/it --> OT1/ptm/m/it on input line 38.
) (/usr/share/texmf-texlive/tex/generic/oberdiek/ifpdf.sty
Package: ifpdf 2009/04/10 v2.0 Provides the ifpdf switch (HO)
Package ifpdf Info: pdfTeX in pdf mode detected.
)
Ten Point
LaTeX Font Info:    Try loading font information for OT1+phv on input line 301.

(/usr/share/texmf-texlive/tex/latex/psnfss/ot1phv.fd
File: ot1phv.fd 2001/06/04 scalable font definitions for OT1/phv.
)
\c@part=\count79
\c@section=\count80
\c@subsection=\count81
\c@subsubsection=\count82
\c@paragraph=\count83
\c@subparagraph=\count84
\tempbox=\box26
\c@figure=\count85
\c@table=\count86
\@authcnt=\count87
\@tmpcnt=\count88
\bibindent=\dimen102
\tempbox=\box27
\minute=\count89
\hour=\count90
)
(/usr/share/texmf-texlive/tex/latex/graphics/epsfig.sty
Package: epsfig 1999/02/16 v1.7a (e)psfig emulation (SPQR)

(/usr/share/texmf-texlive/tex/latex/graphics/graphicx.sty
Package: graphicx 1999/02/16 v1.0f Enhanced LaTeX Graphics (DPC,SPQR)

(/usr/share/texmf-texlive/tex/latex/graphics/keyval.sty
Package: keyval 1999/03/16 v1.13 key=value parser (DPC)
\KV@toks@=\toks14
)
(/usr/share/texmf-texlive/tex/latex/graphics/graphics.sty
Package: graphics 2009/02/05 v1.0o Standard LaTeX Graphics (DPC,SPQR)

(/usr/share/texmf-texlive/tex/latex/graphics/trig.sty
Package: trig 1999/03/16 v1.09 sin cos tan (DPC)
)
(/etc/texmf/tex/latex/config/graphics.cfg
File: graphics.cfg 2009/08/28 v1.8 graphics configuration of TeX Live
)
Package graphics Info: Driver file: pdftex.def on input line 91.

(/usr/share/texmf-texlive/tex/latex/pdftex-def/pdftex.def
File: pdftex.def 2010/03/12 v0.04p Graphics/color for pdfTeX
\Gread@gobject=\count91
))
\Gin@req@height=\dimen103
\Gin@req@width=\dimen104
)
\epsfxsize=\dimen105
\epsfysize=\dimen106
)
(/usr/share/texmf-texlive/tex/latex/amsfonts/amssymb.sty
Package: amssymb 2009/06/22 v3.00

(/usr/share/texmf-texlive/tex/latex/amsfonts/amsfonts.sty
Package: amsfonts 2009/06/22 v3.00 Basic AMSFonts support
\@emptytoks=\toks15
\symAMSa=\mathgroup6
\symAMSb=\mathgroup7
LaTeX Font Info:    Overwriting math alphabet `\mathfrak' in version `bold'
(Font)                  U/euf/m/n --> U/euf/b/n on input line 96.
))
(/usr/share/texmf-texlive/tex/latex/amsmath/amsmath.sty
Package: amsmath 2000/07/18 v2.13 AMS math features
\@mathmargin=\skip41

For additional information on amsmath, use the `?' option.
(/usr/share/texmf-texlive/tex/latex/amsmath/amstext.sty
Package: amstext 2000/06/29 v2.01

(/usr/share/texmf-texlive/tex/latex/amsmath/amsgen.sty
File: amsgen.sty 1999/11/30 v2.0
\@emptytoks=\toks16
\ex@=\dimen107
))
(/usr/share/texmf-texlive/tex/latex/amsmath/amsbsy.sty
Package: amsbsy 1999/11/29 v1.2d
\pmbraise@=\dimen108
)
(/usr/share/texmf-texlive/tex/latex/amsmath/amsopn.sty
Package: amsopn 1999/12/14 v2.01 operator names
)
\inf@bad=\count92
LaTeX Info: Redefining \frac on input line 211.
\uproot@=\count93
\leftroot@=\count94
LaTeX Info: Redefining \overline on input line 307.
\classnum@=\count95
\DOTSCASE@=\count96
LaTeX Info: Redefining \ldots on input line 379.
LaTeX Info: Redefining \dots on input line 382.
LaTeX Info: Redefining \cdots on input line 467.
\Mathstrutbox@=\box28
\strutbox@=\box29
\big@size=\dimen109
LaTeX Font Info:    Redeclaring font encoding OML on input line 567.
LaTeX Font Info:    Redeclaring font encoding OMS on input line 568.
\macc@depth=\count97
\c@MaxMatrixCols=\count98
\dotsspace@=\muskip10
\c@parentequation=\count99
\dspbrk@lvl=\count100
\tag@help=\toks17
\row@=\count101
\column@=\count102
\maxfields@=\count103
\andhelp@=\toks18
\eqnshift@=\dimen110
\alignsep@=\dimen111
\tagshift@=\dimen112
\tagwidth@=\dimen113
\totwidth@=\dimen114
\lineht@=\dimen115
\@envbody=\toks19
\multlinegap=\skip42
\multlinetaggap=\skip43
\mathdisplay@stack=\toks20
LaTeX Info: Redefining \[ on input line 2666.
LaTeX Info: Redefining \] on input line 2667.
)
(/usr/share/texmf-texlive/tex/latex/multirow/multirow.sty
\bigstrutjot=\dimen116
)
(/usr/share/texmf-texlive/tex/latex/ltxmisc/relsize.sty
Package: relsize 2003/07/04 ver 3.1
)
(/usr/share/texmf-texlive/tex/latex/graphics/color.sty
Package: color 2005/11/14 v1.0j Standard LaTeX Color (DPC)

(/etc/texmf/tex/latex/config/color.cfg
File: color.cfg 2007/01/18 v1.5 color configuration of teTeX/TeXLive
)
Package color Info: Driver file: pdftex.def on input line 130.
)
(/usr/share/texmf-texlive/tex/latex/comment/comment.sty
\CommentStream=\write3

Excluding comment 'comment')
\c@theorem=\count104
\c@corollary=\count105
\c@proposition=\count106
\c@conjecture=\count107
\c@remark=\count108
 (./AXXB Review.aux)
\openout1 = `"AXXB Review.aux"'.

LaTeX Font Info:    Checking defaults for OML/cmm/m/it on input line 131.
LaTeX Font Info:    ... okay on input line 131.
LaTeX Font Info:    Checking defaults for T1/cmr/m/n on input line 131.
LaTeX Font Info:    ... okay on input line 131.
LaTeX Font Info:    Checking defaults for OT1/cmr/m/n on input line 131.
LaTeX Font Info:    ... okay on input line 131.
LaTeX Font Info:    Checking defaults for OMS/cmsy/m/n on input line 131.
LaTeX Font Info:    ... okay on input line 131.
LaTeX Font Info:    Checking defaults for OMX/cmex/m/n on input line 131.
LaTeX Font Info:    ... okay on input line 131.
LaTeX Font Info:    Checking defaults for U/cmr/m/n on input line 131.
LaTeX Font Info:    ... okay on input line 131.
LaTeX Font Info:    Try loading font information for OT1+ptm on input line 131.


(/usr/share/texmf-texlive/tex/latex/psnfss/ot1ptm.fd
File: ot1ptm.fd 2001/06/04 font definitions for OT1/ptm.
)
(/usr/share/texmf-texlive/tex/context/base/supp-pdf.mkii
[Loading MPS to PDF converter (version 2006.09.02).]
\scratchcounter=\count109
\scratchdimen=\dimen117
\scratchbox=\box30
\nofMPsegments=\count110
\nofMParguments=\count111
\everyMPshowfont=\toks21
\MPscratchCnt=\count112
\MPscratchDim=\dimen118
\MPnumerator=\count113
\everyMPtoPDFconversion=\toks22
)
LaTeX Font Info:    Try loading font information for OT1+ptmcm on input line 13
3.
 (/usr/share/texmf-texlive/tex/latex/psnfss/ot1ptmcm.fd
File: ot1ptmcm.fd 2000/01/03 Fontinst v1.801 font definitions for OT1/ptmcm.
)
LaTeX Font Info:    Try loading font information for OML+ptmcm on input line 13
3.

(/usr/share/texmf-texlive/tex/latex/psnfss/omlptmcm.fd
File: omlptmcm.fd 2000/01/03 Fontinst v1.801 font definitions for OML/ptmcm.
)
LaTeX Font Info:    Try loading font information for OMS+pzccm on input line 13
3.

(/usr/share/texmf-texlive/tex/latex/psnfss/omspzccm.fd
File: omspzccm.fd 2000/01/03 Fontinst v1.801 font definitions for OMS/pzccm.
)
LaTeX Font Info:    Try loading font information for OMX+psycm on input line 13
3.

(/usr/share/texmf-texlive/tex/latex/psnfss/omxpsycm.fd
File: omxpsycm.fd 2000/01/03 Fontinst v1.801 font definitions for OMX/psycm.
)
LaTeX Font Info:    Font shape `OT1/ptm/bx/n' in size <10> not available
(Font)              Font shape `OT1/ptm/b/n' tried instead on input line 133.
LaTeX Font Info:    Font shape `OT1/ptm/bx/n' in size <7.4> not available
(Font)              Font shape `OT1/ptm/b/n' tried instead on input line 133.
LaTeX Font Info:    Font shape `OT1/ptm/bx/n' in size <6> not available
(Font)              Font shape `OT1/ptm/b/n' tried instead on input line 133.
LaTeX Font Info:    Try loading font information for U+msa on input line 133.

(/usr/share/texmf-texlive/tex/latex/amsfonts/umsa.fd
File: umsa.fd 2009/06/22 v3.00 AMS symbols A
)
LaTeX Font Info:    Try loading font information for U+msb on input line 133.

(/usr/share/texmf-texlive/tex/latex/amsfonts/umsb.fd
File: umsb.fd 2009/06/22 v3.00 AMS symbols B
)
Underfull \hbox (badness 10000) detected at line 133
[]
 []

LaTeX Font Info:    Font shape `OT1/phv/bx/n' in size <10> not available
(Font)              Font shape `OT1/phv/b/n' tried instead on input line 133.
LaTeX Font Info:    Try loading font information for OMS+phv on input line 133.

(/usr/share/texmf-texlive/tex/latex/psnfss/omsphv.fd
File: omsphv.fd 
)
LaTeX Font Info:    Font shape `OMS/phv/m/n' in size <10> not available
(Font)              Font shape `OMS/cmsy/m/n' tried instead on input line 133.

Overfull \hbox (39.74762pt too wide) in paragraph at lines 133--133
 [] 
 []

LaTeX Font Info:    Font shape `OT1/ptm/bx/n' in size <8> not available
(Font)              Font shape `OT1/ptm/b/n' tried instead on input line 133.
LaTeX Font Info:    Font shape `OT1/ptm/bx/n' in size <5> not available
(Font)              Font shape `OT1/ptm/b/n' tried instead on input line 133.
LaTeX Font Info:    Font shape `OT1/ptm/bx/it' in size <10> not available
(Font)              Font shape `OT1/ptm/b/it' tried instead on input line 142.
LaTeX Font Info:    Try loading font information for U+euf on input line 153.
(/usr/share/texmf-texlive/tex/latex/amsfonts/ueuf.fd
File: ueuf.fd 2009/06/22 v3.00 Euler Fraktur
)
Overfull \vbox (10.05377pt too high) has occurred while \output is active []


Underfull \hbox (badness 10000) in paragraph at lines 163--163
$\OML/ptmcm/m/it/10 vec$ \OT1/ptm/m/n/10 The ``vec'' op-er-a-tor is de-fined su
ch that
 []

[1{/var/lib/texmf/fonts/map/pdftex/updmap/pdftex.map}


]
Underfull \hbox (badness 1052) in paragraph at lines 211--213
\OT1/ptm/m/n/10 where $\OML/ptmcm/m/it/10 A; B; X \OMS/pzccm/m/n/10 2 \OML/ptmc
m/m/it/10 SE\OT1/ptmcm/m/n/10 (3)$\OT1/ptm/m/n/10 , it is well known that, in n
on-
 []

<figure/AX=XB(ASME)_v1.png, id=18, 876.27374pt x 466.74374pt>
File: figure/AX=XB(ASME)_v1.png Graphic file (type png)

<use figure/AX=XB(ASME)_v1.png>
<Photos/UR5_Frame_Final.jpg, id=20, 809.27344pt x 595.47469pt>
File: Photos/UR5_Frame_Final.jpg Graphic file (type jpg)

<use Photos/UR5_Frame_Final.jpg>
<Photos/Robot_Patern.jpg, id=21, 1375.38844pt x 930.47626pt>
File: Photos/Robot_Patern.jpg Graphic file (type jpg)

<use Photos/Robot_Patern.jpg> [2 <./figure/AX=XB(ASME)_v1.png> <./Photos/UR5_Fr
ame_Final.jpg>]
Underfull \hbox (badness 10000) in paragraph at lines 292--294

 []

[3 <./Photos/Robot_Patern.jpg>]
Underfull \hbox (badness 10000) in paragraph at lines 306--307
\OT1/ptm/m/n/10 and $\OML/ptmcm/m/it/10 ^^L$ \OT1/ptm/m/n/10 is an ar-bi-trary 
an-gle. Given a vec-tor
 []


Underfull \hbox (badness 1708) in paragraph at lines 306--307
\OT1/ptm/b/n/10 n \OT1/ptmcm/m/n/10 = [][] \OMS/pzccm/m/n/10 2 \U/msb/m/n/10 R[
]$\OT1/ptm/m/n/10 , $[]$ is a skew-symmetric ma-trix
 []


Underfull \hbox (badness 10000) in paragraph at lines 306--307

 []


Underfull \hbox (badness 10000) in paragraph at lines 354--356

 []


Underfull \hbox (badness 10000) in paragraph at lines 363--378

 []


Underfull \hbox (badness 10000) in paragraph at lines 383--385

 []


Underfull \hbox (badness 10000) in paragraph at lines 393--395

 []

[4]
Underfull \hbox (badness 10000) in paragraph at lines 446--448

 []


Underfull \hbox (badness 10000) in paragraph at lines 453--455

 []


Underfull \hbox (badness 2302) in paragraph at lines 490--493
\OT1/ptm/m/n/10 quater-nion, the La-grangian mul-ti-plier is in-tro-duced in
 []

[5] [6] [7] [8]
Underfull \hbox (badness 1048) in paragraph at lines 810--811
[]\OT1/ptm/m/n/10 Using for-mu-la-tions of prob-a-bil-ity the-ory on SE(3),
 []


Overfull \hbox (1.90002pt too wide) detected at line 832
 []
 []

[9]
Underfull \hbox (badness 2310) in paragraph at lines 940--941
[]\OT1/ptm/m/n/10 Calculate the eigen-de-com-po-si-tion as $\OT1/ptmcm/m/n/10 ^
^F[] = \OML/ptmcm/m/it/10 Q[]\OT1/ptmcm/m/n/10 ^^C\OML/ptmcm/m/it/10 Q[]$\OT1/p
tm/m/n/10 ,
 []

[10] [11] [12]
Overfull \vbox (9.17255pt too high) has occurred while \output is active []


(./AXXB Review.bbl
Underfull \hbox (badness 2376) in paragraph at lines 28--33
\OT1/ptm/m/n/10 eye cal-i-bra-tion''.  In Com-puter Vi-sion and Pat-
 []


Underfull \hbox (badness 1102) in paragraph at lines 74--79
\OT1/ptm/m/n/10 2001. Pro-ceed-ings 2001 ICRA. IEEE In-ter-na-tional
 []

[13]
Underfull \hbox (badness 2351) in paragraph at lines 115--119
\OT1/ptm/m/it/10 Robotics and Au-toma-tion, IEEE Trans-ac-tions on,
 []


Underfull \hbox (badness 1742) in paragraph at lines 121--126
\OT1/ptm/m/n/10 mounted robotic sen-sors by solv-ing ho-mo-ge-neous
 []


Underfull \vbox (badness 10000) has occurred while \output is active []


Underfull \hbox (badness 1824) in paragraph at lines 204--208
[]\OT1/ptm/m/n/10 Andreff, N., Ho-raud, R., and Es-piau, B., 2001.
 []


Underfull \hbox (badness 3068) in paragraph at lines 204--208
\OT1/ptm/m/n/10 ``Robot hand-eye cal-i-bra-tion us-ing structure-from-
 []


Underfull \hbox (badness 2680) in paragraph at lines 223--227
[]\OT1/ptm/m/n/10 Schmidt, J., Vogt, F., and Nie-mann, H., 2005.
 []


Underfull \hbox (badness 1715) in paragraph at lines 223--227
\OT1/ptm/m/n/10 from--motion ap-proach''.  In \OT1/ptm/m/it/10 Pat-tern Recog-n
i-tion\OT1/ptm/m/n/10 .
 []


Underfull \hbox (badness 2828) in paragraph at lines 235--240
[]\OT1/ptm/m/n/10 Ackerman, M. K., Cheng, A., Boc-tor, E., and
 []


Underfull \hbox (badness 1325) in paragraph at lines 249--254
\OT1/ptm/m/n/10 2014.  ``An information-theoretic ap-proach to the
 []


Underfull \vbox (badness 10000) has occurred while \output is active []

 [14]
Missing character: There is no â in font ptmr7t!
Missing character: There is no € in font ptmr7t!
Missing character: There is no “ in font ptmr7t!
)
[15

] (./AXXB Review.aux)

LaTeX Warning: Label(s) may have changed. Rerun to get cross-references right.

 ) 
Here is how much of TeX's memory you used:
 2551 strings out of 493848
 30970 string characters out of 1152822
 94306 words of memory out of 3000000
 5741 multiletter control sequences out of 15000+50000
 54763 words of font info for 110 fonts, out of 3000000 for 9000
 714 hyphenation exceptions out of 8191
 32i,27n,24p,2790b,318s stack positions out of 5000i,500n,10000p,200000b,50000s
{/usr/share/texmf-texlive/fonts/enc/dvips/base/8r.enc}</usr/share/texmf-texli
ve/fonts/type1/public/amsfonts/cm/cmex10.pfb></usr/share/texmf-texlive/fonts/ty
pe1/public/amsfonts/cmextra/cmex9.pfb></usr/share/texmf-texlive/fonts/type1/pub
lic/amsfonts/cm/cmmi10.pfb></usr/share/texmf-texlive/fonts/type1/public/amsfont
s/cm/cmr10.pfb></usr/share/texmf-texlive/fonts/type1/public/amsfonts/cm/cmsy10.
pfb></usr/share/texmf-texlive/fonts/type1/public/amsfonts/euler/eufm10.pfb></us
r/share/texmf-texlive/fonts/type1/public/amsfonts/euler/eufm7.pfb></usr/share/t
exmf-texlive/fonts/type1/public/amsfonts/symbols/msbm10.pfb></usr/share/texmf-t
exlive/fonts/type1/urw/helvetic/uhvb8a.pfb></usr/share/texmf-texlive/fonts/type
1/urw/helvetic/uhvr8a.pfb></usr/share/texmf-texlive/fonts/type1/urw/symbol/usyr
.pfb></usr/share/texmf-texlive/fonts/type1/urw/times/utmb8a.pfb></usr/share/tex
mf-texlive/fonts/type1/urw/times/utmbi8a.pfb></usr/share/texmf-texlive/fonts/ty
pe1/urw/times/utmr8a.pfb></usr/share/texmf-texlive/fonts/type1/urw/times/utmri8
a.pfb></usr/share/texmf-texlive/fonts/type1/urw/zapfchan/uzcmi8a.pfb>
Output written on "AXXB Review.pdf" (15 pages, 559702 bytes).
PDF statistics:
 121 PDF objects out of 1000 (max. 8388607)
 0 named destinations out of 1000 (max. 500000)
 16 words of extra memory for PDF output out of 10000 (max. 10000000)

